
> messmaster@0.1.0 dev
> next dev

▲ Next.js 16.1.1 (Turbopack)
- Local:         http://localhost:3000
- Network:       http://192.168.0.2:3000

✓ Starting...
Attention: Next.js now collects completely anonymous telemetry regarding usage.
This information is used to shape Next.js' roadmap and prioritize features.
You can learn more, including how to opt-out if you'd not like to participate in this anonymous program, by visiting the following URL:
https://nextjs.org/telemetry

✓ Ready in 1144ms
○ Compiling /login ...

warn - The class `ease-[cubic-bezier(0.25,0.1,0.25,1)]` is ambiguous and matches multiple utilities.
warn - If this is content and not a class, replace it with `ease-&lsqb;cubic-bezier(0.25,0.1,0.25,1)&rsqb;` to silence this warning.
 GET /login 200 in 10.7s (compile: 10.0s, render: 701ms)
○ Compiling /dashboard ...
 GET /login 200 in 77ms (compile: 6ms, render: 71ms)
 GET /dashboard 200 in 1323ms (compile: 7ms, render: 1316ms)
 GET /dashboard 200 in 1749ms (compile: 6ms, render: 1744ms)
 GET /dashboard/add-member 200 in 2.5s (compile: 1134ms, render: 1318ms)
✓ Compiled in 438ms
✓ Compiled in 221ms
 GET /login 200 in 98ms (compile: 13ms, render: 84ms)
 GET /dashboard 200 in 2.7s (compile: 244ms, render: 2.5s)
 GET /dashboard 200 in 2.4s (compile: 14ms, render: 2.4s)
 GET /dashboard/add-member 200 in 1922ms (compile: 402ms, render: 1520ms)
 GET /login 200 in 95ms (compile: 6ms, render: 89ms)
 GET /dashboard 200 in 1303ms (compile: 5ms, render: 1298ms)
 GET /dashboard 200 in 1721ms (compile: 6ms, render: 1716ms)
 GET /dashboard/add-member 200 in 1429ms (compile: 12ms, render: 1418ms)
 POST /dashboard/add-member 200 in 3.0s (compile: 6ms, render: 3.0s)
 GET /login 200 in 86ms (compile: 4ms, render: 82ms)
 GET /dashboard 200 in 1829ms (compile: 15ms, render: 1814ms)
 GET /dashboard 200 in 1781ms (compile: 4ms, render: 1777ms)
 GET /dashboard/add-member 200 in 1292ms (compile: 4ms, render: 1288ms)
 POST /dashboard/add-member 200 in 2.7s (compile: 5ms, render: 2.6s)
 GET /dashboard/profile 200 in 2.2s (compile: 1170ms, render: 1046ms)
